#
# There is insufficient memory for the Java Runtime Environment to continue.
# Native memory allocation (malloc) failed to allocate 396176 bytes. Error detail: Chunk::new
# Possible reasons:
#   The system is out of physical RAM or swap space
#   This process is running with CompressedOops enabled, and the Java Heap may be blocking the growth of the native heap
# Possible solutions:
#   Reduce memory load on the system
#   Increase physical memory or swap space
#   Check if swap backing store is full
#   Decrease Java heap size (-Xmx/-Xms)
#   Decrease number of Java threads
#   Decrease Java thread stack sizes (-Xss)
#   Set larger code cache with -XX:ReservedCodeCacheSize=
#   JVM is running with Unscaled Compressed Oops mode in which the Java heap is
#     placed in the first 4GB address space. The Java Heap base address is the
#     maximum limit for the native heap growth. Please use -XX:HeapBaseMinAddress
#     to set the Java Heap base and to place the Java Heap above 4GB virtual address.
# This output file may be truncated or incomplete.
#
#  Out of Memory Error (arena.cpp:191), pid=27684, tid=23608
#
# JRE version: OpenJDK Runtime Environment Temurin-17.0.16+8 (17.0.16+8) (build 17.0.16+8)
# Java VM: OpenJDK 64-Bit Server VM Temurin-17.0.16+8 (17.0.16+8, mixed mode, sharing, tiered, compressed oops, compressed class ptrs, g1 gc, windows-amd64)
# No core dump will be written. Minidumps are not enabled by default on client versions of Windows
#

---------------  S U M M A R Y ------------

Command Line: -Dcom.sun.management.jmxremote -Dcom.sun.management.jmxremote.port=56460 -Dcom.sun.management.jmxremote.authenticate=false -Dcom.sun.management.jmxremote.ssl=false -Dspring.jmx.enabled=true -Djava.rmi.server.hostname=localhost -Dspring.application.admin.enabled=true -Dspring.boot.project.name=banco-educativo-api -XX:+ShowCodeDetailsInExceptionMessages -Dmanagement.endpoints.jmx.exposure.include=* com.app.banco.banco_educativo_api.BancoEducativoApiApplication

Host: AMD Ryzen 5 5500                               , 12 cores, 7G,  Windows 11 , 64 bit Build 26100 (10.0.26100.7019)
Time: Mon Dec  1 16:25:05 2025 Hora estándar de Argentina elapsed time: 567.243630 seconds (0d 0h 9m 27s)

---------------  T H R E A D  ---------------

Current thread (0x000001ccf4d6b580):  JavaThread "C2 CompilerThread0" daemon [_thread_in_native, id=23608, stack(0x0000008cbd000000,0x0000008cbd100000)]


Current CompileTask:
C2: 567243 9740       4       org.springframework.core.ResolvableType::getGenerics (197 bytes)

Stack: [0x0000008cbd000000,0x0000008cbd100000]
Native frames: (J=compiled Java code, j=interpreted, Vv=VM code, C=native code)
V  [jvm.dll+0x683169]
V  [jvm.dll+0x839ac8]
V  [jvm.dll+0x83b573]
V  [jvm.dll+0x83bbe3]
V  [jvm.dll+0x2473ff]
V  [jvm.dll+0xace94]
V  [jvm.dll+0xad52c]
V  [jvm.dll+0x365dbf]
V  [jvm.dll+0x32fff8]
V  [jvm.dll+0x32f47a]
V  [jvm.dll+0x21831f]
V  [jvm.dll+0x21775f]
V  [jvm.dll+0x1a32a0]
V  [jvm.dll+0x227b3c]
V  [jvm.dll+0x225ccb]
V  [jvm.dll+0x7ef2d8]
V  [jvm.dll+0x7e979c]
V  [jvm.dll+0x682047]
C  [ucrtbase.dll+0x37b0]
C  [KERNEL32.DLL+0x2e8d7]
C  [ntdll.dll+0x8c53c]


---------------  P R O C E S S  ---------------

Threads class SMR info:
_java_thread_list=0x000001ccc1265b80, length=36, elements={
0x000001ccf4d3df60, 0x000001ccf4d3f690, 0x000001ccf4d5b8b0, 0x000001ccf4d5c270,
0x000001ccf4d5d7a0, 0x000001ccf4d60850, 0x000001ccf4d6b580, 0x000001ccf57233b0,
0x000001ccf574a880, 0x000001ccf5748f30, 0x000001ccf574ad90, 0x000001ccf5749950,
0x000001ccf574b2a0, 0x000001ccf574b7b0, 0x000001ccf5749e60, 0x000001ccf574a370,
0x000001ccf574bcc0, 0x000001ccfbd643c0, 0x000001ccfbd61b40, 0x000001ccfbd63eb0,
0x000001ccfbd62050, 0x000001ccfbd648d0, 0x000001ccfbd61120, 0x000001ccfbd64de0,
0x000001ccfbd66220, 0x000001ccfbd68080, 0x000001ccfbd67660, 0x000001ccfbd67b70,
0x000001ccfbd68590, 0x000001ccfbd65800, 0x000001ccfbd652f0, 0x000001ccfbd66c40,
0x000001ccfbd66730, 0x000001ccfbd67150, 0x000001ccfbd65d10, 0x000001ccfbe75970
}

Java Threads: ( => current thread )
  0x000001ccf4d3df60 JavaThread "Reference Handler" daemon [_thread_blocked, id=30024, stack(0x0000008cbca00000,0x0000008cbcb00000)]
  0x000001ccf4d3f690 JavaThread "Finalizer" daemon [_thread_blocked, id=26644, stack(0x0000008cbcb00000,0x0000008cbcc00000)]
  0x000001ccf4d5b8b0 JavaThread "Signal Dispatcher" daemon [_thread_blocked, id=32496, stack(0x0000008cbcc00000,0x0000008cbcd00000)]
  0x000001ccf4d5c270 JavaThread "Attach Listener" daemon [_thread_blocked, id=19380, stack(0x0000008cbcd00000,0x0000008cbce00000)]
  0x000001ccf4d5d7a0 JavaThread "Service Thread" daemon [_thread_blocked, id=19612, stack(0x0000008cbce00000,0x0000008cbcf00000)]
  0x000001ccf4d60850 JavaThread "Monitor Deflation Thread" daemon [_thread_blocked, id=27944, stack(0x0000008cbcf00000,0x0000008cbd000000)]
=>0x000001ccf4d6b580 JavaThread "C2 CompilerThread0" daemon [_thread_in_native, id=23608, stack(0x0000008cbd000000,0x0000008cbd100000)]
  0x000001ccf57233b0 JavaThread "C1 CompilerThread0" daemon [_thread_blocked, id=28732, stack(0x0000008cbd100000,0x0000008cbd200000)]
  0x000001ccf574a880 JavaThread "Sweeper thread" daemon [_thread_blocked, id=27524, stack(0x0000008cbd200000,0x0000008cbd300000)]
  0x000001ccf5748f30 JavaThread "Common-Cleaner" daemon [_thread_blocked, id=28376, stack(0x0000008cbd300000,0x0000008cbd400000)]
  0x000001ccf574ad90 JavaThread "Notification Thread" daemon [_thread_blocked, id=9324, stack(0x0000008cbd500000,0x0000008cbd600000)]
  0x000001ccf5749950 JavaThread "RMI TCP Accept-0" daemon [_thread_in_native, id=24512, stack(0x0000008cbd600000,0x0000008cbd700000)]
  0x000001ccf574b2a0 JavaThread "RMI TCP Accept-56460" daemon [_thread_in_native, id=15496, stack(0x0000008cbd700000,0x0000008cbd800000)]
  0x000001ccf574b7b0 JavaThread "RMI TCP Accept-0" daemon [_thread_in_native, id=10884, stack(0x0000008cbd800000,0x0000008cbd900000)]
  0x000001ccf5749e60 JavaThread "RMI Scheduler(0)" daemon [_thread_blocked, id=696, stack(0x0000008cbdb00000,0x0000008cbdc00000)]
  0x000001ccf574a370 JavaThread "RMI TCP Connection(2)-127.0.0.1" daemon [_thread_in_native, id=31512, stack(0x0000008cbdc00000,0x0000008cbdd00000)]
  0x000001ccf574bcc0 JavaThread "JMX server connection timeout 22" daemon [_thread_blocked, id=35076, stack(0x0000008cbdd00000,0x0000008cbde00000)]
  0x000001ccfbd643c0 JavaThread "Catalina-utility-1" [_thread_blocked, id=30868, stack(0x0000008cbea00000,0x0000008cbeb00000)]
  0x000001ccfbd61b40 JavaThread "Catalina-utility-2" [_thread_blocked, id=21204, stack(0x0000008cbee00000,0x0000008cbef00000)]
  0x000001ccfbd63eb0 JavaThread "container-0" [_thread_blocked, id=33800, stack(0x0000008cbef00000,0x0000008cbf000000)]
  0x000001ccfbd62050 JavaThread "HikariPool-1:housekeeper" daemon [_thread_blocked, id=3220, stack(0x0000008cbf000000,0x0000008cbf100000)]
  0x000001ccfbd648d0 JavaThread "File Watcher" daemon [_thread_blocked, id=30756, stack(0x0000008cbf200000,0x0000008cbf300000)]
  0x000001ccfbd61120 JavaThread "http-nio-8080-exec-1" daemon [_thread_blocked, id=20956, stack(0x0000008cbf300000,0x0000008cbf400000)]
  0x000001ccfbd64de0 JavaThread "http-nio-8080-exec-2" daemon [_thread_blocked, id=29824, stack(0x0000008cbf400000,0x0000008cbf500000)]
  0x000001ccfbd66220 JavaThread "http-nio-8080-exec-3" daemon [_thread_blocked, id=34312, stack(0x0000008cbf500000,0x0000008cbf600000)]
  0x000001ccfbd68080 JavaThread "http-nio-8080-exec-4" daemon [_thread_blocked, id=35648, stack(0x0000008cbf600000,0x0000008cbf700000)]
  0x000001ccfbd67660 JavaThread "http-nio-8080-exec-5" daemon [_thread_blocked, id=14860, stack(0x0000008cbf700000,0x0000008cbf800000)]
  0x000001ccfbd67b70 JavaThread "http-nio-8080-exec-6" daemon [_thread_blocked, id=18316, stack(0x0000008cbf800000,0x0000008cbf900000)]
  0x000001ccfbd68590 JavaThread "http-nio-8080-exec-7" daemon [_thread_blocked, id=22356, stack(0x0000008cbf900000,0x0000008cbfa00000)]
  0x000001ccfbd65800 JavaThread "http-nio-8080-exec-8" daemon [_thread_blocked, id=30884, stack(0x0000008cbfa00000,0x0000008cbfb00000)]
  0x000001ccfbd652f0 JavaThread "http-nio-8080-exec-9" daemon [_thread_blocked, id=21940, stack(0x0000008cbfb00000,0x0000008cbfc00000)]
  0x000001ccfbd66c40 JavaThread "http-nio-8080-exec-10" daemon [_thread_blocked, id=28652, stack(0x0000008cbfc00000,0x0000008cbfd00000)]
  0x000001ccfbd66730 JavaThread "http-nio-8080-Poller" daemon [_thread_in_native, id=1208, stack(0x0000008cbfd00000,0x0000008cbfe00000)]
  0x000001ccfbd67150 JavaThread "http-nio-8080-Acceptor" daemon [_thread_in_native, id=33668, stack(0x0000008cbfe00000,0x0000008cbff00000)]
  0x000001ccfbd65d10 JavaThread "DestroyJavaVM" [_thread_blocked, id=29240, stack(0x0000008cbc300000,0x0000008cbc400000)]
  0x000001ccfbe75970 JavaThread "C2 CompilerThread1" daemon [_thread_blocked, id=32584, stack(0x0000008cbc000000,0x0000008cbc100000)]

Other Threads:
  0x000001ccf4d37eb0 VMThread "VM Thread" [stack: 0x0000008cbc900000,0x0000008cbca00000] [id=14616]
  0x000001ccd6df75e0 WatcherThread [stack: 0x0000008cbd900000,0x0000008cbda00000] [id=14652]
  0x000001ccd6e5c990 GCTaskThread "GC Thread#0" [stack: 0x0000008cbc400000,0x0000008cbc500000] [id=31272]
  0x000001ccfa8c23c0 GCTaskThread "GC Thread#1" [stack: 0x0000008cbde00000,0x0000008cbdf00000] [id=2992]
  0x000001ccfae37c40 GCTaskThread "GC Thread#2" [stack: 0x0000008cbdf00000,0x0000008cbe000000] [id=30860]
  0x000001ccfabc58f0 GCTaskThread "GC Thread#3" [stack: 0x0000008cbe000000,0x0000008cbe100000] [id=35784]
  0x000001ccfa6b4fc0 GCTaskThread "GC Thread#4" [stack: 0x0000008cbe100000,0x0000008cbe200000] [id=16080]
  0x000001ccfa706710 GCTaskThread "GC Thread#5" [stack: 0x0000008cbe200000,0x0000008cbe300000] [id=27936]
  0x000001ccfac361d0 GCTaskThread "GC Thread#6" [stack: 0x0000008cbe300000,0x0000008cbe400000] [id=25504]
  0x000001ccfaae4db0 GCTaskThread "GC Thread#7" [stack: 0x0000008cbe400000,0x0000008cbe500000] [id=27756]
  0x000001ccfaae5070 GCTaskThread "GC Thread#8" [stack: 0x0000008cbe500000,0x0000008cbe600000] [id=34808]
  0x000001ccfad504f0 GCTaskThread "GC Thread#9" [stack: 0x0000008cbe900000,0x0000008cbea00000] [id=17084]
  0x000001ccd6e6e1b0 ConcurrentGCThread "G1 Main Marker" [stack: 0x0000008cbc500000,0x0000008cbc600000] [id=18236]
  0x000001ccd6e6ebd0 ConcurrentGCThread "G1 Conc#0" [stack: 0x0000008cbc600000,0x0000008cbc700000] [id=21608]
  0x000001ccfab6c780 ConcurrentGCThread "G1 Conc#1" [stack: 0x0000008cbec00000,0x0000008cbed00000] [id=15972]
  0x000001ccfc107020 ConcurrentGCThread "G1 Conc#2" [stack: 0x0000008cbed00000,0x0000008cbee00000] [id=21976]
  0x000001ccd6e8cfd0 ConcurrentGCThread "G1 Refine#0" [stack: 0x0000008cbc700000,0x0000008cbc800000] [id=31652]
  0x000001ccfaae5330 ConcurrentGCThread "G1 Refine#1" [stack: 0x0000008cbe600000,0x0000008cbe700000] [id=22856]
  0x000001ccd6e8e8b0 ConcurrentGCThread "G1 Service" [stack: 0x0000008cbc800000,0x0000008cbc900000] [id=34068]

Threads with active compile tasks:
C2 CompilerThread0   567303 9740       4       org.springframework.core.ResolvableType::getGenerics (197 bytes)

VM state: not at safepoint (normal execution)

VM Mutex/Monitor currently owned by a thread: None

Heap address: 0x0000000082000000, size: 2016 MB, Compressed Oops mode: 32-bit

CDS archive(s) mapped at: [0x000001cc80000000-0x000001cc80bb0000-0x000001cc80bb0000), size 12255232, SharedBaseAddress: 0x000001cc80000000, ArchiveRelocationMode: 1.
Compressed class space mapped at: 0x000001cc81000000-0x000001ccc1000000, reserved size: 1073741824
Narrow klass base: 0x000001cc80000000, Narrow klass shift: 0, Narrow klass range: 0x100000000

GC Precious Log:
 CPUs: 12 total, 12 available
 Memory: 8059M
 Large Page Support: Disabled
 NUMA Support: Disabled
 Compressed Oops: Enabled (32-bit)
 Heap Region Size: 1M
 Heap Min Capacity: 8M
 Heap Initial Capacity: 126M
 Heap Max Capacity: 2016M
 Pre-touch: Disabled
 Parallel Workers: 10
 Concurrent Workers: 3
 Concurrent Refinement Workers: 10
 Periodic GC: Disabled

Heap:
 garbage-first heap   total 76800K, used 52510K [0x0000000082000000, 0x0000000100000000)
  region size 1024K, 11 young (11264K), 1 survivors (1024K)
 Metaspace       used 98262K, committed 99008K, reserved 1179648K
  class space    used 13510K, committed 13888K, reserved 1048576K

Heap Regions: E=young(eden), S=young(survivor), O=old, HS=humongous(starts), HC=humongous(continues), CS=collection set, F=free, OA=open archive, CA=closed archive, TAMS=top-at-mark-start (previous, next)
|   0|0x0000000082000000, 0x0000000082100000, 0x0000000082100000|100%|HS|  |TAMS 0x0000000082100000, 0x0000000082000000| Complete 
|   1|0x0000000082100000, 0x0000000082200000, 0x0000000082200000|100%|HS|  |TAMS 0x0000000082200000, 0x0000000082100000| Complete 
|   2|0x0000000082200000, 0x0000000082300000, 0x0000000082300000|100%| O|  |TAMS 0x0000000082300000, 0x0000000082200000| Untracked 
|   3|0x0000000082300000, 0x0000000082400000, 0x0000000082400000|100%| O|  |TAMS 0x0000000082400000, 0x0000000082300000| Untracked 
|   4|0x0000000082400000, 0x0000000082500000, 0x0000000082500000|100%| O|  |TAMS 0x0000000082500000, 0x0000000082400000| Untracked 
|   5|0x0000000082500000, 0x0000000082600000, 0x0000000082600000|100%| O|  |TAMS 0x0000000082600000, 0x0000000082500000| Untracked 
|   6|0x0000000082600000, 0x0000000082700000, 0x0000000082700000|100%| O|  |TAMS 0x0000000082700000, 0x0000000082600000| Untracked 
|   7|0x0000000082700000, 0x0000000082800000, 0x0000000082800000|100%| O|  |TAMS 0x0000000082800000, 0x0000000082700000| Untracked 
|   8|0x0000000082800000, 0x0000000082900000, 0x0000000082900000|100%| O|  |TAMS 0x0000000082900000, 0x0000000082800000| Untracked 
|   9|0x0000000082900000, 0x0000000082a00000, 0x0000000082a00000|100%| O|  |TAMS 0x0000000082a00000, 0x0000000082900000| Untracked 
|  10|0x0000000082a00000, 0x0000000082b00000, 0x0000000082b00000|100%| O|  |TAMS 0x0000000082b00000, 0x0000000082a00000| Untracked 
|  11|0x0000000082b00000, 0x0000000082c00000, 0x0000000082c00000|100%| O|  |TAMS 0x0000000082c00000, 0x0000000082b00000| Untracked 
|  12|0x0000000082c00000, 0x0000000082d00000, 0x0000000082d00000|100%| O|  |TAMS 0x0000000082d00000, 0x0000000082c00000| Untracked 
|  13|0x0000000082d00000, 0x0000000082e00000, 0x0000000082e00000|100%| O|  |TAMS 0x0000000082e00000, 0x0000000082d00000| Untracked 
|  14|0x0000000082e00000, 0x0000000082e00000, 0x0000000082f00000|  0%| F|  |TAMS 0x0000000082e00000, 0x0000000082e00000| Untracked 
|  15|0x0000000082f00000, 0x0000000083000000, 0x0000000083000000|100%| O|  |TAMS 0x0000000083000000, 0x0000000082f00000| Untracked 
|  16|0x0000000083000000, 0x0000000083100000, 0x0000000083100000|100%| O|  |TAMS 0x0000000083100000, 0x0000000083000000| Untracked 
|  17|0x0000000083100000, 0x0000000083200000, 0x0000000083200000|100%| O|  |TAMS 0x0000000083200000, 0x0000000083100000| Untracked 
|  18|0x0000000083200000, 0x0000000083300000, 0x0000000083300000|100%| O|  |TAMS 0x0000000083300000, 0x0000000083200000| Untracked 
|  19|0x0000000083300000, 0x0000000083400000, 0x0000000083400000|100%| O|  |TAMS 0x0000000083400000, 0x0000000083300000| Untracked 
|  20|0x0000000083400000, 0x0000000083500000, 0x0000000083500000|100%| O|  |TAMS 0x0000000083500000, 0x0000000083400000| Untracked 
|  21|0x0000000083500000, 0x0000000083600000, 0x0000000083600000|100%| O|  |TAMS 0x0000000083600000, 0x0000000083500000| Untracked 
|  22|0x0000000083600000, 0x0000000083700000, 0x0000000083700000|100%| O|  |TAMS 0x0000000083700000, 0x0000000083600000| Untracked 
|  23|0x0000000083700000, 0x0000000083800000, 0x0000000083800000|100%| O|  |TAMS 0x0000000083700000, 0x0000000083700000| Untracked 
|  24|0x0000000083800000, 0x0000000083900000, 0x0000000083900000|100%| O|  |TAMS 0x0000000083900000, 0x0000000083800000| Untracked 
|  25|0x0000000083900000, 0x0000000083a00000, 0x0000000083a00000|100%| O|  |TAMS 0x0000000083a00000, 0x0000000083900000| Untracked 
|  26|0x0000000083a00000, 0x0000000083b00000, 0x0000000083b00000|100%| O|  |TAMS 0x0000000083b00000, 0x0000000083a00000| Untracked 
|  27|0x0000000083b00000, 0x0000000083c00000, 0x0000000083c00000|100%| O|  |TAMS 0x0000000083c00000, 0x0000000083b00000| Untracked 
|  28|0x0000000083c00000, 0x0000000083d00000, 0x0000000083d00000|100%| O|  |TAMS 0x0000000083d00000, 0x0000000083c00000| Untracked 
|  29|0x0000000083d00000, 0x0000000083e00000, 0x0000000083e00000|100%| O|  |TAMS 0x0000000083e00000, 0x0000000083d00000| Untracked 
|  30|0x0000000083e00000, 0x0000000083f00000, 0x0000000083f00000|100%| O|  |TAMS 0x0000000083f00000, 0x0000000083e00000| Untracked 
|  31|0x0000000083f00000, 0x0000000084000000, 0x0000000084000000|100%| O|  |TAMS 0x0000000084000000, 0x0000000083f00000| Untracked 
|  32|0x0000000084000000, 0x0000000084100000, 0x0000000084100000|100%| O|  |TAMS 0x0000000084100000, 0x0000000084000000| Untracked 
|  33|0x0000000084100000, 0x0000000084200000, 0x0000000084200000|100%| O|  |TAMS 0x0000000084200000, 0x0000000084100000| Untracked 
|  34|0x0000000084200000, 0x0000000084300000, 0x0000000084300000|100%| O|  |TAMS 0x0000000084300000, 0x0000000084200000| Untracked 
|  35|0x0000000084300000, 0x0000000084400000, 0x0000000084400000|100%| O|  |TAMS 0x0000000084400000, 0x0000000084300000| Untracked 
|  36|0x0000000084400000, 0x0000000084500000, 0x0000000084500000|100%| O|  |TAMS 0x0000000084464c00, 0x0000000084400000| Untracked 
|  37|0x0000000084500000, 0x0000000084600000, 0x0000000084600000|100%| O|  |TAMS 0x0000000084600000, 0x0000000084500000| Untracked 
|  38|0x0000000084600000, 0x0000000084700000, 0x0000000084700000|100%| O|  |TAMS 0x0000000084700000, 0x0000000084600000| Untracked 
|  39|0x0000000084700000, 0x0000000084800000, 0x0000000084800000|100%| O|  |TAMS 0x0000000084800000, 0x0000000084700000| Untracked 
|  40|0x0000000084800000, 0x0000000084900000, 0x0000000084900000|100%| O|  |TAMS 0x0000000084900000, 0x0000000084800000| Untracked 
|  41|0x0000000084900000, 0x0000000084a00000, 0x0000000084a00000|100%| O|  |TAMS 0x0000000084a00000, 0x0000000084900000| Untracked 
|  42|0x0000000084a00000, 0x0000000084b00000, 0x0000000084b00000|100%| O|  |TAMS 0x0000000084b00000, 0x0000000084a00000| Untracked 
|  43|0x0000000084b00000, 0x0000000084bec408, 0x0000000084c00000| 92%| O|  |TAMS 0x0000000084b00000, 0x0000000084b00000| Untracked 
|  44|0x0000000084c00000, 0x0000000084c00000, 0x0000000084d00000|  0%| F|  |TAMS 0x0000000084c00000, 0x0000000084c00000| Untracked 
|  45|0x0000000084d00000, 0x0000000084d00000, 0x0000000084e00000|  0%| F|  |TAMS 0x0000000084d00000, 0x0000000084d00000| Untracked 
|  46|0x0000000084e00000, 0x0000000084e00000, 0x0000000084f00000|  0%| F|  |TAMS 0x0000000084e00000, 0x0000000084e00000| Untracked 
|  47|0x0000000084f00000, 0x0000000084f00000, 0x0000000085000000|  0%| F|  |TAMS 0x0000000084f00000, 0x0000000084f00000| Untracked 
|  48|0x0000000085000000, 0x0000000085000000, 0x0000000085100000|  0%| F|  |TAMS 0x0000000085000000, 0x0000000085000000| Untracked 
|  49|0x0000000085100000, 0x0000000085100000, 0x0000000085200000|  0%| F|  |TAMS 0x0000000085100000, 0x0000000085100000| Untracked 
|  50|0x0000000085200000, 0x0000000085200000, 0x0000000085300000|  0%| F|  |TAMS 0x0000000085200000, 0x0000000085200000| Untracked 
|  51|0x0000000085300000, 0x0000000085300000, 0x0000000085400000|  0%| F|  |TAMS 0x0000000085300000, 0x0000000085300000| Untracked 
|  52|0x0000000085400000, 0x0000000085400000, 0x0000000085500000|  0%| F|  |TAMS 0x0000000085400000, 0x0000000085400000| Untracked 
|  53|0x0000000085500000, 0x0000000085500000, 0x0000000085600000|  0%| F|  |TAMS 0x0000000085500000, 0x0000000085500000| Untracked 
|  54|0x0000000085600000, 0x0000000085600000, 0x0000000085700000|  0%| F|  |TAMS 0x0000000085600000, 0x0000000085600000| Untracked 
|  55|0x0000000085700000, 0x0000000085700000, 0x0000000085800000|  0%| F|  |TAMS 0x0000000085700000, 0x0000000085700000| Untracked 
|  56|0x0000000085800000, 0x0000000085800000, 0x0000000085900000|  0%| F|  |TAMS 0x0000000085800000, 0x0000000085800000| Untracked 
|  57|0x0000000085900000, 0x0000000085900000, 0x0000000085a00000|  0%| F|  |TAMS 0x0000000085900000, 0x0000000085900000| Untracked 
|  58|0x0000000085a00000, 0x0000000085a00000, 0x0000000085b00000|  0%| F|  |TAMS 0x0000000085a00000, 0x0000000085a00000| Untracked 
|  59|0x0000000085b00000, 0x0000000085b00000, 0x0000000085c00000|  0%| F|  |TAMS 0x0000000085b00000, 0x0000000085b00000| Untracked 
|  60|0x0000000085c00000, 0x0000000085c00000, 0x0000000085d00000|  0%| F|  |TAMS 0x0000000085c00000, 0x0000000085c00000| Untracked 
|  61|0x0000000085d00000, 0x0000000085d00000, 0x0000000085e00000|  0%| F|  |TAMS 0x0000000085d00000, 0x0000000085d00000| Untracked 
|  62|0x0000000085e00000, 0x0000000085e00000, 0x0000000085f00000|  0%| F|  |TAMS 0x0000000085e00000, 0x0000000085e00000| Untracked 
|  63|0x0000000085f00000, 0x0000000085f00000, 0x0000000086000000|  0%| F|  |TAMS 0x0000000085f00000, 0x0000000085f00000| Untracked 
|  64|0x0000000086000000, 0x00000000860bad48, 0x0000000086100000| 72%| E|  |TAMS 0x0000000086000000, 0x0000000086000000| Complete 
|  65|0x0000000086100000, 0x0000000086200000, 0x0000000086200000|100%| E|  |TAMS 0x0000000086100000, 0x0000000086100000| Complete 
|  66|0x0000000086200000, 0x0000000086300000, 0x0000000086300000|100%| E|CS|TAMS 0x0000000086200000, 0x0000000086200000| Complete 
|  67|0x0000000086300000, 0x0000000086400000, 0x0000000086400000|100%| E|CS|TAMS 0x0000000086300000, 0x0000000086300000| Complete 
|  68|0x0000000086400000, 0x0000000086500000, 0x0000000086500000|100%| E|CS|TAMS 0x0000000086400000, 0x0000000086400000| Complete 
|  69|0x0000000086500000, 0x0000000086600000, 0x0000000086600000|100%| E|CS|TAMS 0x0000000086500000, 0x0000000086500000| Complete 
|  87|0x0000000087700000, 0x0000000087800000, 0x0000000087800000|100%| E|CS|TAMS 0x0000000087700000, 0x0000000087700000| Complete 
|  88|0x0000000087800000, 0x0000000087900000, 0x0000000087900000|100%| E|CS|TAMS 0x0000000087800000, 0x0000000087800000| Complete 
|  89|0x0000000087900000, 0x000000008795b6e0, 0x0000000087a00000| 35%| S|CS|TAMS 0x0000000087900000, 0x0000000087900000| Complete 
|  90|0x0000000087a00000, 0x0000000087b00000, 0x0000000087b00000|100%| E|CS|TAMS 0x0000000087a00000, 0x0000000087a00000| Complete 
| 125|0x0000000089d00000, 0x0000000089e00000, 0x0000000089e00000|100%| E|CS|TAMS 0x0000000089d00000, 0x0000000089d00000| Complete 

Card table byte_map: [0x000001ccee270000,0x000001ccee660000] _byte_map_base: 0x000001ccede60000

Marking Bits (Prev, Next): (CMBitMap*) 0x000001ccd6e5cff0, (CMBitMap*) 0x000001ccd6e5cfb0
 Prev Bits: [0x000001ccf09d0000, 0x000001ccf2950000)
 Next Bits: [0x000001cceea50000, 0x000001ccf09d0000)

Polling page: 0x000001ccd4d40000

Metaspace:

Usage:
  Non-class:     82.77 MB used.
      Class:     13.19 MB used.
       Both:     95.96 MB used.

Virtual space:
  Non-class space:      128.00 MB reserved,      83.12 MB ( 65%) committed,  2 nodes.
      Class space:        1.00 GB reserved,      13.56 MB (  1%) committed,  1 nodes.
             Both:        1.12 GB reserved,      96.69 MB (  8%) committed. 

Chunk freelists:
   Non-Class:  12.57 MB
       Class:  2.41 MB
        Both:  14.98 MB

MaxMetaspaceSize: unlimited
CompressedClassSpaceSize: 1.00 GB
Initial GC threshold: 21.00 MB
Current GC threshold: 160.94 MB
CDS: on
MetaspaceReclaimPolicy: balanced
 - commit_granule_bytes: 65536.
 - commit_granule_words: 8192.
 - virtual_space_node_default_size: 8388608.
 - enlarge_chunks_in_place: 1.
 - new_chunks_are_fully_committed: 0.
 - uncommit_free_chunks: 1.
 - use_allocation_guard: 0.
 - handle_deallocations: 1.


Internal statistics:

num_allocs_failed_limit: 9.
num_arena_births: 1138.
num_arena_deaths: 6.
num_vsnodes_births: 3.
num_vsnodes_deaths: 0.
num_space_committed: 1547.
num_space_uncommitted: 0.
num_chunks_returned_to_freelist: 18.
num_chunks_taken_from_freelist: 4827.
num_chunk_merges: 9.
num_chunk_splits: 3478.
num_chunks_enlarged: 2694.
num_inconsistent_stats: 0.

CodeHeap 'non-profiled nmethods': size=120000Kb used=5506Kb max_used=5521Kb free=114493Kb
 bounds [0x000001cce6400000, 0x000001cce6980000, 0x000001cced930000]
CodeHeap 'profiled nmethods': size=120000Kb used=16267Kb max_used=16267Kb free=103732Kb
 bounds [0x000001ccde930000, 0x000001ccdf920000, 0x000001cce5e60000]
CodeHeap 'non-nmethods': size=5760Kb used=1403Kb max_used=1453Kb free=4356Kb
 bounds [0x000001cce5e60000, 0x000001cce60d0000, 0x000001cce6400000]
 total_blobs=9246 nmethods=8493 adapters=665
 compilation: enabled
              stopped_count=0, restarted_count=0
 full_count=0

Compilation events (20 events):
Event: 567.189 Thread 0x000001ccfbe75970 nmethod 9728 0x000001cce6794510 code [0x000001cce67946a0, 0x000001cce6794798]
Event: 567.189 Thread 0x000001ccfbe75970 9726       4       java.lang.invoke.DirectMethodHandle$Holder::invokeStatic (14 bytes)
Event: 567.190 Thread 0x000001ccfbe75970 nmethod 9726 0x000001cce6800b10 code [0x000001cce6800ca0, 0x000001cce6800d68]
Event: 567.190 Thread 0x000001ccfbe75970 9725       4       org.thymeleaf.engine.AbstractTextualTemplateEvent::writeContent (71 bytes)
Event: 567.190 Thread 0x000001ccf57233b0 nmethod 9736 0x000001ccdf90fc90 code [0x000001ccdf90ff00, 0x000001ccdf910a88]
Event: 567.190 Thread 0x000001ccf57233b0 9737       3       org.thymeleaf.standard.inline.OutputExpressionInlinePreProcessorHandler::handleAttribute (83 bytes)
Event: 567.191 Thread 0x000001ccf57233b0 nmethod 9737 0x000001ccdf911010 code [0x000001ccdf911200, 0x000001ccdf9116d8]
Event: 567.191 Thread 0x000001ccf57233b0 9731       3       org.thymeleaf.standard.expression.ExpressionCache::getFromCache (43 bytes)
Event: 567.191 Thread 0x000001ccf57233b0 nmethod 9731 0x000001ccdf911910 code [0x000001ccdf911b00, 0x000001ccdf912008]
Event: 567.191 Thread 0x000001ccf57233b0 9732       3       java.lang.Long::toString (8 bytes)
Event: 567.191 Thread 0x000001ccf57233b0 nmethod 9732 0x000001ccdf912290 code [0x000001ccdf912440, 0x000001ccdf912588]
Event: 567.192 Thread 0x000001ccf57233b0 9738       3       org.thymeleaf.processor.element.MatchingElementName::matches (135 bytes)
Event: 567.192 Thread 0x000001ccf57233b0 nmethod 9738 0x000001ccdf912610 code [0x000001ccdf912860, 0x000001ccdf913408]
Event: 567.192 Thread 0x000001ccf57233b0 9739       3       org.springframework.beans.BeanWrapperImpl::getCachedIntrospectionResults (23 bytes)
Event: 567.194 Thread 0x000001ccf57233b0 nmethod 9739 0x000001ccdf913610 code [0x000001ccdf913800, 0x000001ccdf913c78]
Event: 567.194 Thread 0x000001ccf57233b0 9741       1       org.springframework.beans.AbstractNestablePropertyAccessor$PropertyHandler::isReadable (5 bytes)
Event: 567.194 Thread 0x000001ccf57233b0 nmethod 9741 0x000001cce6794210 code [0x000001cce67943a0, 0x000001cce6794478]
Event: 567.200 Thread 0x000001ccf4d6b580 nmethod 9727% 0x000001cce67ffc10 code [0x000001cce67ffde0, 0x000001cce6800648]
Event: 567.200 Thread 0x000001ccf4d6b580 9740       4       org.springframework.core.ResolvableType::getGenerics (197 bytes)
Event: 567.206 Thread 0x000001ccfbe75970 nmethod 9725 0x000001cce67fe390 code [0x000001cce67fe580, 0x000001cce67ff098]

GC Heap History (20 events):
Event: 14.508 GC heap before
{Heap before GC invocations=23 (full 0):
 garbage-first heap   total 75776K, used 60367K [0x0000000082000000, 0x0000000100000000)
  region size 1024K, 21 young (21504K), 1 survivors (1024K)
 Metaspace       used 92451K, committed 93184K, reserved 1179648K
  class space    used 12707K, committed 13056K, reserved 1048576K
}
Event: 14.511 GC heap after
{Heap after GC invocations=24 (full 0):
 garbage-first heap   total 75776K, used 42998K [0x0000000082000000, 0x0000000100000000)
  region size 1024K, 3 young (3072K), 3 survivors (3072K)
 Metaspace       used 92451K, committed 93184K, reserved 1179648K
  class space    used 12707K, committed 13056K, reserved 1048576K
}
Event: 32.872 GC heap before
{Heap before GC invocations=25 (full 0):
 garbage-first heap   total 75776K, used 59382K [0x0000000082000000, 0x0000000100000000)
  region size 1024K, 20 young (20480K), 3 survivors (3072K)
 Metaspace       used 93612K, committed 94336K, reserved 1179648K
  class space    used 12833K, committed 13184K, reserved 1048576K
}
Event: 32.876 GC heap after
{Heap after GC invocations=26 (full 0):
 garbage-first heap   total 75776K, used 43385K [0x0000000082000000, 0x0000000100000000)
  region size 1024K, 1 young (1024K), 1 survivors (1024K)
 Metaspace       used 93612K, committed 94336K, reserved 1179648K
  class space    used 12833K, committed 13184K, reserved 1048576K
}
Event: 35.441 GC heap before
{Heap before GC invocations=26 (full 0):
 garbage-first heap   total 75776K, used 45433K [0x0000000082000000, 0x0000000100000000)
  region size 1024K, 3 young (3072K), 1 survivors (1024K)
 Metaspace       used 93859K, committed 94592K, reserved 1179648K
  class space    used 12859K, committed 13248K, reserved 1048576K
}
Event: 35.442 GC heap after
{Heap after GC invocations=27 (full 0):
 garbage-first heap   total 75776K, used 43123K [0x0000000082000000, 0x0000000100000000)
  region size 1024K, 1 young (1024K), 1 survivors (1024K)
 Metaspace       used 93859K, committed 94592K, reserved 1179648K
  class space    used 12859K, committed 13248K, reserved 1048576K
}
Event: 60.465 GC heap before
{Heap before GC invocations=27 (full 0):
 garbage-first heap   total 75776K, used 61555K [0x0000000082000000, 0x0000000100000000)
  region size 1024K, 19 young (19456K), 1 survivors (1024K)
 Metaspace       used 94149K, committed 94912K, reserved 1179648K
  class space    used 12866K, committed 13248K, reserved 1048576K
}
Event: 60.467 GC heap after
{Heap after GC invocations=28 (full 0):
 garbage-first heap   total 75776K, used 43136K [0x0000000082000000, 0x0000000100000000)
  region size 1024K, 1 young (1024K), 1 survivors (1024K)
 Metaspace       used 94149K, committed 94912K, reserved 1179648K
  class space    used 12866K, committed 13248K, reserved 1048576K
}
Event: 210.065 GC heap before
{Heap before GC invocations=29 (full 0):
 garbage-first heap   total 76800K, used 62592K [0x0000000082000000, 0x0000000100000000)
  region size 1024K, 20 young (20480K), 1 survivors (1024K)
 Metaspace       used 94225K, committed 94976K, reserved 1179648K
  class space    used 12866K, committed 13248K, reserved 1048576K
}
Event: 210.067 GC heap after
{Heap after GC invocations=30 (full 0):
 garbage-first heap   total 76800K, used 43133K [0x0000000082000000, 0x0000000100000000)
  region size 1024K, 1 young (1024K), 1 survivors (1024K)
 Metaspace       used 94225K, committed 94976K, reserved 1179648K
  class space    used 12866K, committed 13248K, reserved 1048576K
}
Event: 226.405 GC heap before
{Heap before GC invocations=30 (full 0):
 garbage-first heap   total 76800K, used 45181K [0x0000000082000000, 0x0000000100000000)
  region size 1024K, 3 young (3072K), 1 survivors (1024K)
 Metaspace       used 94229K, committed 94976K, reserved 1179648K
  class space    used 12866K, committed 13248K, reserved 1048576K
}
Event: 226.407 GC heap after
{Heap after GC invocations=31 (full 0):
 garbage-first heap   total 76800K, used 42705K [0x0000000082000000, 0x0000000100000000)
  region size 1024K, 1 young (1024K), 1 survivors (1024K)
 Metaspace       used 94229K, committed 94976K, reserved 1179648K
  class space    used 12866K, committed 13248K, reserved 1048576K
}
Event: 288.174 GC heap before
{Heap before GC invocations=31 (full 0):
 garbage-first heap   total 76800K, used 62161K [0x0000000082000000, 0x0000000100000000)
  region size 1024K, 21 young (21504K), 1 survivors (1024K)
 Metaspace       used 96633K, committed 97408K, reserved 1179648K
  class space    used 13329K, committed 13696K, reserved 1048576K
}
Event: 288.177 GC heap after
{Heap after GC invocations=32 (full 0):
 garbage-first heap   total 76800K, used 43869K [0x0000000082000000, 0x0000000100000000)
  region size 1024K, 2 young (2048K), 2 survivors (2048K)
 Metaspace       used 96633K, committed 97408K, reserved 1179648K
  class space    used 13329K, committed 13696K, reserved 1048576K
}
Event: 331.485 GC heap before
{Heap before GC invocations=32 (full 0):
 garbage-first heap   total 76800K, used 62301K [0x0000000082000000, 0x0000000100000000)
  region size 1024K, 21 young (21504K), 2 survivors (2048K)
 Metaspace       used 98109K, committed 98880K, reserved 1179648K
  class space    used 13505K, committed 13888K, reserved 1048576K
}
Event: 331.488 GC heap after
{Heap after GC invocations=33 (full 0):
 garbage-first heap   total 76800K, used 44435K [0x0000000082000000, 0x0000000100000000)
  region size 1024K, 2 young (2048K), 2 survivors (2048K)
 Metaspace       used 98109K, committed 98880K, reserved 1179648K
  class space    used 13505K, committed 13888K, reserved 1048576K
}
Event: 490.509 GC heap before
{Heap before GC invocations=34 (full 0):
 garbage-first heap   total 76800K, used 63891K [0x0000000082000000, 0x0000000100000000)
  region size 1024K, 22 young (22528K), 2 survivors (2048K)
 Metaspace       used 98163K, committed 98944K, reserved 1179648K
  class space    used 13506K, committed 13888K, reserved 1048576K
}
Event: 490.519 GC heap after
{Heap after GC invocations=35 (full 0):
 garbage-first heap   total 76800K, used 44566K [0x0000000082000000, 0x0000000100000000)
  region size 1024K, 1 young (1024K), 1 survivors (1024K)
 Metaspace       used 98163K, committed 98944K, reserved 1179648K
  class space    used 13506K, committed 13888K, reserved 1048576K
}
Event: 501.765 GC heap before
{Heap before GC invocations=35 (full 0):
 garbage-first heap   total 76800K, used 46614K [0x0000000082000000, 0x0000000100000000)
  region size 1024K, 3 young (3072K), 1 survivors (1024K)
 Metaspace       used 98186K, committed 98944K, reserved 1179648K
  class space    used 13506K, committed 13888K, reserved 1048576K
}
Event: 501.772 GC heap after
{Heap after GC invocations=36 (full 0):
 garbage-first heap   total 76800K, used 44318K [0x0000000082000000, 0x0000000100000000)
  region size 1024K, 1 young (1024K), 1 survivors (1024K)
 Metaspace       used 98186K, committed 98944K, reserved 1179648K
  class space    used 13506K, committed 13888K, reserved 1048576K
}

Dll operation events (10 events):
Event: 0.008 Loaded shared library C:\Program Files\Eclipse Adoptium\jdk-17.0.16.8-hotspot\bin\java.dll
Event: 0.023 Loaded shared library C:\Program Files\Eclipse Adoptium\jdk-17.0.16.8-hotspot\bin\jsvml.dll
Event: 0.113 Loaded shared library C:\Program Files\Eclipse Adoptium\jdk-17.0.16.8-hotspot\bin\jimage.dll
Event: 0.119 Loaded shared library C:\Program Files\Eclipse Adoptium\jdk-17.0.16.8-hotspot\bin\net.dll
Event: 0.138 Loaded shared library C:\Program Files\Eclipse Adoptium\jdk-17.0.16.8-hotspot\bin\nio.dll
Event: 0.141 Loaded shared library C:\Program Files\Eclipse Adoptium\jdk-17.0.16.8-hotspot\bin\zip.dll
Event: 0.205 Loaded shared library C:\Program Files\Eclipse Adoptium\jdk-17.0.16.8-hotspot\bin\management.dll
Event: 0.214 Loaded shared library C:\Program Files\Eclipse Adoptium\jdk-17.0.16.8-hotspot\bin\management_ext.dll
Event: 0.453 Loaded shared library C:\Program Files\Eclipse Adoptium\jdk-17.0.16.8-hotspot\bin\extnet.dll
Event: 1.408 Loaded shared library C:\Program Files\Eclipse Adoptium\jdk-17.0.16.8-hotspot\bin\sunmscapi.dll

Deoptimization events (20 events):
Event: 465.946 Thread 0x000001ccfbd65800 Uncommon trap: trap_request=0xffffffd6 fr.pc=0x000001cce66408e4 relative=0x0000000000000344
Event: 465.946 Thread 0x000001ccfbd65800 Uncommon trap: reason=array_check action=maybe_recompile pc=0x000001cce66408e4 method=java.util.Arrays.fill([Ljava/lang/Object;Ljava/lang/Object;)V @ 13 c2
Event: 465.946 Thread 0x000001ccfbd65800 DEOPT PACKING pc=0x000001cce66408e4 sp=0x0000008cbfafcfa0
Event: 465.946 Thread 0x000001ccfbd65800 DEOPT UNPACKING pc=0x000001cce5eb69a3 sp=0x0000008cbfafcf60 mode 2
Event: 465.948 Thread 0x000001ccfbd65800 Uncommon trap: trap_request=0xffffffd6 fr.pc=0x000001cce66408e4 relative=0x0000000000000344
Event: 465.948 Thread 0x000001ccfbd65800 Uncommon trap: reason=array_check action=maybe_recompile pc=0x000001cce66408e4 method=java.util.Arrays.fill([Ljava/lang/Object;Ljava/lang/Object;)V @ 13 c2
Event: 465.948 Thread 0x000001ccfbd65800 DEOPT PACKING pc=0x000001cce66408e4 sp=0x0000008cbfafce60
Event: 465.948 Thread 0x000001ccfbd65800 DEOPT UNPACKING pc=0x000001cce5eb69a3 sp=0x0000008cbfafce20 mode 2
Event: 501.760 Thread 0x000001ccfbd61120 Uncommon trap: trap_request=0xffffffd6 fr.pc=0x000001cce66408e4 relative=0x0000000000000344
Event: 501.760 Thread 0x000001ccfbd61120 Uncommon trap: reason=array_check action=maybe_recompile pc=0x000001cce66408e4 method=java.util.Arrays.fill([Ljava/lang/Object;Ljava/lang/Object;)V @ 13 c2
Event: 501.760 Thread 0x000001ccfbd61120 DEOPT PACKING pc=0x000001cce66408e4 sp=0x0000008cbf3fd500
Event: 501.760 Thread 0x000001ccfbd61120 DEOPT UNPACKING pc=0x000001cce5eb69a3 sp=0x0000008cbf3fd4c0 mode 2
Event: 501.760 Thread 0x000001ccfbd61120 Uncommon trap: trap_request=0xffffffd6 fr.pc=0x000001cce66408e4 relative=0x0000000000000344
Event: 501.760 Thread 0x000001ccfbd61120 Uncommon trap: reason=array_check action=maybe_recompile pc=0x000001cce66408e4 method=java.util.Arrays.fill([Ljava/lang/Object;Ljava/lang/Object;)V @ 13 c2
Event: 501.760 Thread 0x000001ccfbd61120 DEOPT PACKING pc=0x000001cce66408e4 sp=0x0000008cbf3fd500
Event: 501.760 Thread 0x000001ccfbd61120 DEOPT UNPACKING pc=0x000001cce5eb69a3 sp=0x0000008cbf3fd4c0 mode 2
Event: 501.763 Thread 0x000001ccfbd61120 Uncommon trap: trap_request=0xffffff45 fr.pc=0x000001cce6642100 relative=0x0000000000000260
Event: 501.764 Thread 0x000001ccfbd61120 Uncommon trap: reason=unstable_if action=reinterpret pc=0x000001cce6642100 method=org.attoparser.ParsingMarkupUtil.findNextStructureEndAvoidQuotes([CII[I)I @ 35 c2
Event: 501.764 Thread 0x000001ccfbd61120 DEOPT PACKING pc=0x000001cce6642100 sp=0x0000008cbf3fc390
Event: 501.764 Thread 0x000001ccfbd61120 DEOPT UNPACKING pc=0x000001cce5eb69a3 sp=0x0000008cbf3fc318 mode 2

Classes loaded (20 events):
Event: 14.586 Loading class java/util/ArrayDeque$DescendingIterator
Event: 14.587 Loading class java/util/ArrayDeque$DescendingIterator done
Event: 14.596 Loading class java/util/ArrayList$SubList$2
Event: 14.597 Loading class java/util/ArrayList$SubList$2 done
Event: 14.606 Loading class java/time/format/DateTimeFormatterBuilder$ZoneTextPrinterParser
Event: 14.607 Loading class java/time/format/DateTimeFormatterBuilder$ZoneTextPrinterParser done
Event: 14.607 Loading class java/time/format/DateTimeFormatterBuilder$ReducedPrinterParser
Event: 14.608 Loading class java/time/format/DateTimeFormatterBuilder$ReducedPrinterParser done
Event: 32.751 Loading class java/util/function/LongSupplier
Event: 32.751 Loading class java/util/function/LongSupplier done
Event: 287.967 Loading class java/util/regex/Pattern$SliceU
Event: 287.968 Loading class java/util/regex/Pattern$SliceU done
Event: 287.969 Loading class java/util/regex/Pattern$NotBehind
Event: 287.970 Loading class java/util/regex/Pattern$NotBehind done
Event: 287.970 Loading class java/util/regex/Pattern$Neg
Event: 287.970 Loading class java/util/regex/Pattern$Neg done
Event: 287.985 Loading class java/util/EmptyStackException
Event: 287.985 Loading class java/util/EmptyStackException done
Event: 287.994 Loading class java/io/InvalidClassException
Event: 287.995 Loading class java/io/InvalidClassException done

Classes unloaded (3 events):
Event: 8.416 Thread 0x000001ccf4d37eb0 Unloading class 0x000001cc81aa8000 'jdk/internal/reflect/GeneratedSerializationConstructorAccessor26'
Event: 8.416 Thread 0x000001ccf4d37eb0 Unloading class 0x000001cc81aa1400 'jdk/internal/reflect/GeneratedSerializationConstructorAccessor25'
Event: 8.416 Thread 0x000001ccf4d37eb0 Unloading class 0x000001cc81aa0800 'jdk/internal/reflect/GeneratedSerializationConstructorAccessor24'

Classes redefined (0 events):
No events

Internal exceptions (20 events):
Event: 60.467 Thread 0x000001ccf574a370 Exception <a 'java/lang/ClassNotFoundException'{0x0000000089d0bb48}: org/springframework/boot/actuate/endpoint/jmx/DataEndpointMBean> (0x0000000089d0bb48) 
thrown [s\src\hotspot\share\classfile\systemDictionary.cpp, line 256]
Event: 60.467 Thread 0x000001ccf574a370 Exception <a 'java/lang/ClassNotFoundException'{0x0000000089d0bf00}: org/springframework/context/support/LiveBeansView> (0x0000000089d0bf00) 
thrown [s\src\hotspot\share\classfile\systemDictionary.cpp, line 256]
Event: 60.467 Thread 0x000001ccf574a370 Exception <a 'java/lang/ClassNotFoundException'{0x0000000089d0c2b0}: org/springframework/boot/actuate/endpoint/jmx/EndpointMBean> (0x0000000089d0c2b0) 
thrown [s\src\hotspot\share\classfile\systemDictionary.cpp, line 256]
Event: 60.467 Thread 0x000001ccf574a370 Exception <a 'java/lang/ClassNotFoundException'{0x0000000089d0c660}: org/springframework/boot/actuate/endpoint/jmx/DataEndpointMBean> (0x0000000089d0c660) 
thrown [s\src\hotspot\share\classfile\systemDictionary.cpp, line 256]
Event: 60.467 Thread 0x000001ccf574a370 Exception <a 'java/lang/ClassNotFoundException'{0x0000000089d0ca08}: org/springframework/context/support/LiveBeansView> (0x0000000089d0ca08) 
thrown [s\src\hotspot\share\classfile\systemDictionary.cpp, line 256]
Event: 60.469 Thread 0x000001ccf574a370 Exception <a 'java/lang/ClassNotFoundException'{0x0000000089d68a98}: org/springframework/boot/actuate/endpoint/jmx/EndpointMBean> (0x0000000089d68a98) 
thrown [s\src\hotspot\share\classfile\systemDictionary.cpp, line 256]
Event: 60.470 Thread 0x000001ccf574a370 Exception <a 'java/lang/ClassNotFoundException'{0x0000000089db23e0}: org/springframework/boot/actuate/endpoint/jmx/DataEndpointMBean> (0x0000000089db23e0) 
thrown [s\src\hotspot\share\classfile\systemDictionary.cpp, line 256]
Event: 60.471 Thread 0x000001ccf574a370 Exception <a 'java/lang/ClassNotFoundException'{0x0000000089dfc040}: org/springframework/context/support/LiveBeansView> (0x0000000089dfc040) 
thrown [s\src\hotspot\share\classfile\systemDictionary.cpp, line 256]
Event: 60.471 Thread 0x000001ccf574a370 Exception <a 'java/lang/ClassNotFoundException'{0x0000000089dff6f0}: org/springframework/boot/actuate/endpoint/jmx/EndpointMBean> (0x0000000089dff6f0) 
thrown [s\src\hotspot\share\classfile\systemDictionary.cpp, line 256]
Event: 60.471 Thread 0x000001ccf574a370 Exception <a 'java/lang/ClassNotFoundException'{0x0000000089dffac0}: org/springframework/boot/actuate/endpoint/jmx/DataEndpointMBean> (0x0000000089dffac0) 
thrown [s\src\hotspot\share\classfile\systemDictionary.cpp, line 256]
Event: 60.471 Thread 0x000001ccf574a370 Exception <a 'java/lang/ClassNotFoundException'{0x0000000087a000e0}: org/springframework/context/support/LiveBeansView> (0x0000000087a000e0) 
thrown [s\src\hotspot\share\classfile\systemDictionary.cpp, line 256]
Event: 60.471 Thread 0x000001ccf574a370 Exception <a 'java/lang/ClassNotFoundException'{0x0000000087a00498}: org/springframework/boot/actuate/endpoint/jmx/EndpointMBean> (0x0000000087a00498) 
thrown [s\src\hotspot\share\classfile\systemDictionary.cpp, line 256]
Event: 60.471 Thread 0x000001ccf574a370 Exception <a 'java/lang/ClassNotFoundException'{0x0000000087a00850}: org/springframework/boot/actuate/endpoint/jmx/DataEndpointMBean> (0x0000000087a00850) 
thrown [s\src\hotspot\share\classfile\systemDictionary.cpp, line 256]
Event: 60.471 Thread 0x000001ccf574a370 Exception <a 'java/lang/ClassNotFoundException'{0x0000000087a00c00}: org/springframework/context/support/LiveBeansView> (0x0000000087a00c00) 
thrown [s\src\hotspot\share\classfile\systemDictionary.cpp, line 256]
Event: 60.471 Thread 0x000001ccf574a370 Exception <a 'java/lang/ClassNotFoundException'{0x0000000087a00fb8}: org/springframework/boot/actuate/endpoint/jmx/EndpointMBean> (0x0000000087a00fb8) 
thrown [s\src\hotspot\share\classfile\systemDictionary.cpp, line 256]
Event: 60.471 Thread 0x000001ccf574a370 Exception <a 'java/lang/ClassNotFoundException'{0x0000000087a01370}: org/springframework/boot/actuate/endpoint/jmx/DataEndpointMBean> (0x0000000087a01370) 
thrown [s\src\hotspot\share\classfile\systemDictionary.cpp, line 256]
Event: 60.471 Thread 0x000001ccf574a370 Exception <a 'java/lang/ClassNotFoundException'{0x0000000087a01720}: org/springframework/context/support/LiveBeansView> (0x0000000087a01720) 
thrown [s\src\hotspot\share\classfile\systemDictionary.cpp, line 256]
Event: 288.303 Thread 0x000001ccfbd652f0 Exception <a 'java/lang/NoSuchMethodError'{0x00000000861cc538}: 'void java.lang.invoke.DirectMethodHandle$Holder.invokeStatic(java.lang.Object, java.lang.Object, int, int, java.lang.Object)'> (0x00000000861cc538) 
thrown [s\src\hotspot\share\interpreter\linkResolver.cpp, line 759]
Event: 288.305 Thread 0x000001ccfbd652f0 Exception <a 'java/lang/NoSuchMethodError'{0x00000000861e9780}: 'void java.lang.invoke.DirectMethodHandle$Holder.invokeSpecialIFC(java.lang.Object, java.lang.Object, int, java.lang.Object, java.lang.Object, java.lang.Object, java.lang.Object)'> (0x00000000861e9780) 
thrown [s\src\hotspot\share\interpreter\linkResolver.cpp, line 759]
Event: 567.200 Thread 0x000001ccfbd67b70 Exception <a 'java/io/IOException'{0x00000000860b7508}> (0x00000000860b7508) 
thrown [s\src\hotspot\share\prims\jni.cpp, line 516]

VM Operations (20 events):
Event: 364.676 Executing VM operation: Cleanup
Event: 364.676 Executing VM operation: Cleanup done
Event: 367.709 Executing VM operation: Cleanup
Event: 367.709 Executing VM operation: Cleanup done
Event: 428.123 Executing VM operation: Cleanup
Event: 428.123 Executing VM operation: Cleanup done
Event: 466.361 Executing VM operation: Cleanup
Event: 466.361 Executing VM operation: Cleanup done
Event: 490.506 Executing VM operation: G1CollectForAllocation
Event: 490.519 Executing VM operation: G1CollectForAllocation done
Event: 491.533 Executing VM operation: Cleanup
Event: 491.533 Executing VM operation: Cleanup done
Event: 501.765 Executing VM operation: G1CollectForAllocation
Event: 501.772 Executing VM operation: G1CollectForAllocation done
Event: 502.780 Executing VM operation: Cleanup
Event: 502.780 Executing VM operation: Cleanup done
Event: 504.792 Executing VM operation: Cleanup
Event: 504.792 Executing VM operation: Cleanup done
Event: 567.197 Executing VM operation: Cleanup
Event: 567.197 Executing VM operation: Cleanup done

Memory protections (0 events):
No events

Nmethod flushes (20 events):
Event: 15.511 Thread 0x000001ccf574a880 flushing  nmethod 0x000001ccdf67f010
Event: 15.511 Thread 0x000001ccf574a880 flushing  nmethod 0x000001ccdf67f590
Event: 15.511 Thread 0x000001ccf574a880 flushing  nmethod 0x000001ccdf67fc90
Event: 15.511 Thread 0x000001ccf574a880 flushing  nmethod 0x000001ccdf680490
Event: 15.511 Thread 0x000001ccf574a880 flushing osr nmethod 0x000001ccdf686190
Event: 15.511 Thread 0x000001ccf574a880 flushing  nmethod 0x000001ccdf692c90
Event: 15.511 Thread 0x000001ccf574a880 flushing osr nmethod 0x000001ccdf693290
Event: 15.511 Thread 0x000001ccf574a880 flushing  nmethod 0x000001ccdf695110
Event: 15.511 Thread 0x000001ccf574a880 flushing  nmethod 0x000001ccdf69d990
Event: 15.511 Thread 0x000001ccf574a880 flushing  nmethod 0x000001ccdf6a0110
Event: 15.511 Thread 0x000001ccf574a880 flushing  nmethod 0x000001ccdf6a2110
Event: 15.511 Thread 0x000001ccf574a880 flushing  nmethod 0x000001ccdf6a2590
Event: 15.511 Thread 0x000001ccf574a880 flushing  nmethod 0x000001ccdf6a2f90
Event: 15.511 Thread 0x000001ccf574a880 flushing  nmethod 0x000001ccdf6a3890
Event: 15.511 Thread 0x000001ccf574a880 flushing  nmethod 0x000001ccdf6a4810
Event: 15.511 Thread 0x000001ccf574a880 flushing  nmethod 0x000001ccdf6a4f90
Event: 15.511 Thread 0x000001ccf574a880 flushing  nmethod 0x000001ccdf6a5f90
Event: 15.511 Thread 0x000001ccf574a880 flushing  nmethod 0x000001ccdf6a6910
Event: 15.512 Thread 0x000001ccf574a880 flushing  nmethod 0x000001ccdf6acd10
Event: 15.512 Thread 0x000001ccf574a880 flushing  nmethod 0x000001ccdf6ad410

Events (20 events):
Event: 14.933 Thread 0x000001ccfbe75970 Thread exited: 0x000001ccfbe75970
Event: 15.440 Thread 0x000001ccfbe73ee0 Thread exited: 0x000001ccfbe73ee0
Event: 15.477 Thread 0x000001ccf57233b0 Thread added: 0x000001ccfbe76eb0
Event: 16.642 Thread 0x000001ccfbe76eb0 Thread exited: 0x000001ccfbe76eb0
Event: 25.453 Thread 0x000001ccf57233b0 Thread added: 0x000001ccfbe76eb0
Event: 28.682 Thread 0x000001ccfbe76eb0 Thread exited: 0x000001ccfbe76eb0
Event: 40.491 Thread 0x000001ccf57233b0 Thread added: 0x000001ccfbe75970
Event: 42.374 Thread 0x000001ccfbe75970 Thread exited: 0x000001ccfbe75970
Event: 54.242 Thread 0x000001ccf4d6b580 Thread added: 0x000001ccfbe75970
Event: 54.727 Thread 0x000001ccfbe75970 Thread exited: 0x000001ccfbe75970
Event: 90.572 Thread 0x000001ccf5748510 Thread exited: 0x000001ccf5748510
Event: 283.702 Thread 0x000001ccf57233b0 Thread added: 0x000001ccfbe75970
Event: 283.952 Thread 0x000001ccfbe75970 Thread exited: 0x000001ccfbe75970
Event: 288.161 Thread 0x000001ccf57233b0 Thread added: 0x000001ccfbe75970
Event: 288.182 Thread 0x000001ccf57233b0 Thread added: 0x000001ccc726aaf0
Event: 291.363 Thread 0x000001ccfbe75970 Thread exited: 0x000001ccfbe75970
Event: 291.364 Thread 0x000001ccc726aaf0 Thread exited: 0x000001ccc726aaf0
Event: 501.779 Thread 0x000001ccf57233b0 Thread added: 0x000001ccfbe75970
Event: 501.976 Thread 0x000001ccfbe75970 Thread exited: 0x000001ccfbe75970
Event: 567.184 Thread 0x000001ccf57233b0 Thread added: 0x000001ccfbe75970


Dynamic libraries:
0x00007ff79f150000 - 0x00007ff79f15e000 	C:\Program Files\Eclipse Adoptium\jdk-17.0.16.8-hotspot\bin\java.exe
0x00007ffae5080000 - 0x00007ffae52e8000 	C:\WINDOWS\SYSTEM32\ntdll.dll
0x00007ffae4380000 - 0x00007ffae4449000 	C:\WINDOWS\System32\KERNEL32.DLL
0x00007ffae21d0000 - 0x00007ffae25c8000 	C:\WINDOWS\System32\KERNELBASE.dll
0x00007ffae25d0000 - 0x00007ffae271b000 	C:\WINDOWS\System32\ucrtbase.dll
0x00007ffab9c60000 - 0x00007ffab9c7e000 	C:\Program Files\Eclipse Adoptium\jdk-17.0.16.8-hotspot\bin\VCRUNTIME140.dll
0x00007ffab59c0000 - 0x00007ffab59d7000 	C:\Program Files\Eclipse Adoptium\jdk-17.0.16.8-hotspot\bin\jli.dll
0x00007ffae4a40000 - 0x00007ffae4c07000 	C:\WINDOWS\System32\USER32.dll
0x00007ffacc890000 - 0x00007ffaccb24000 	C:\WINDOWS\WinSxS\amd64_microsoft.windows.common-controls_6595b64144ccf1df_6.0.26100.7019_none_3e06ffa0e335b8a8\COMCTL32.dll
0x00007ffae45d0000 - 0x00007ffae4679000 	C:\WINDOWS\System32\msvcrt.dll
0x00007ffae2860000 - 0x00007ffae2887000 	C:\WINDOWS\System32\win32u.dll
0x00007ffae4230000 - 0x00007ffae425b000 	C:\WINDOWS\System32\GDI32.dll
0x00007ffae2ac0000 - 0x00007ffae2bec000 	C:\WINDOWS\System32\gdi32full.dll
0x00007ffae2720000 - 0x00007ffae27c3000 	C:\WINDOWS\System32\msvcp_win.dll
0x00007ffae48d0000 - 0x00007ffae4901000 	C:\WINDOWS\System32\IMM32.DLL
0x00007ffabf8b0000 - 0x00007ffabf8bc000 	C:\Program Files\Eclipse Adoptium\jdk-17.0.16.8-hotspot\bin\vcruntime140_1.dll
0x00007ffa7b170000 - 0x00007ffa7b1fd000 	C:\Program Files\Eclipse Adoptium\jdk-17.0.16.8-hotspot\bin\msvcp140.dll
0x00007ffa23f70000 - 0x00007ffa24bdb000 	C:\Program Files\Eclipse Adoptium\jdk-17.0.16.8-hotspot\bin\server\jvm.dll
0x00007ffae36d0000 - 0x00007ffae3784000 	C:\WINDOWS\System32\ADVAPI32.dll
0x00007ffae4990000 - 0x00007ffae4a36000 	C:\WINDOWS\System32\sechost.dll
0x00007ffae4260000 - 0x00007ffae4378000 	C:\WINDOWS\System32\RPCRT4.dll
0x00007ffae4550000 - 0x00007ffae45c4000 	C:\WINDOWS\System32\WS2_32.dll
0x00007ffad65e0000 - 0x00007ffad6615000 	C:\WINDOWS\SYSTEM32\WINMM.dll
0x00007ffadb1f0000 - 0x00007ffadb1fb000 	C:\WINDOWS\SYSTEM32\VERSION.dll
0x00007ffae1e90000 - 0x00007ffae1eee000 	C:\WINDOWS\SYSTEM32\POWRPROF.dll
0x00007ffae1e70000 - 0x00007ffae1e84000 	C:\WINDOWS\SYSTEM32\UMPDC.dll
0x00007ffae0eb0000 - 0x00007ffae0ecb000 	C:\WINDOWS\SYSTEM32\kernel.appcore.dll
0x00007ffabea50000 - 0x00007ffabea5a000 	C:\Program Files\Eclipse Adoptium\jdk-17.0.16.8-hotspot\bin\jimage.dll
0x00007fface900000 - 0x00007ffaceb42000 	C:\WINDOWS\SYSTEM32\DBGHELP.DLL
0x00007ffae3ea0000 - 0x00007ffae422b000 	C:\WINDOWS\System32\combase.dll
0x00007ffae3d70000 - 0x00007ffae3e47000 	C:\WINDOWS\System32\OLEAUT32.dll
0x00007ffac8050000 - 0x00007ffac808c000 	C:\WINDOWS\SYSTEM32\dbgcore.DLL
0x00007ffae2d70000 - 0x00007ffae2e15000 	C:\WINDOWS\System32\bcryptPrimitives.dll
0x00007ffaae610000 - 0x00007ffaae635000 	C:\Program Files\Eclipse Adoptium\jdk-17.0.16.8-hotspot\bin\java.dll
0x00007ffa764b0000 - 0x00007ffa76587000 	C:\Program Files\Eclipse Adoptium\jdk-17.0.16.8-hotspot\bin\jsvml.dll
0x00007ffae2f70000 - 0x00007ffae36bf000 	C:\WINDOWS\System32\SHELL32.dll
0x00007ffae2890000 - 0x00007ffae29fb000 	C:\WINDOWS\System32\wintypes.dll
0x00007ffadfdd0000 - 0x00007ffae062d000 	C:\WINDOWS\SYSTEM32\windows.storage.dll
0x00007ffae3790000 - 0x00007ffae3882000 	C:\WINDOWS\System32\SHCORE.dll
0x00007ffae4850000 - 0x00007ffae48b7000 	C:\WINDOWS\System32\shlwapi.dll
0x00007ffae20f0000 - 0x00007ffae2119000 	C:\WINDOWS\SYSTEM32\profapi.dll
0x00007ffa84b70000 - 0x00007ffa84b89000 	C:\Program Files\Eclipse Adoptium\jdk-17.0.16.8-hotspot\bin\net.dll
0x00007ffadc2d0000 - 0x00007ffadc3f8000 	C:\WINDOWS\SYSTEM32\WINHTTP.dll
0x00007ffae14a0000 - 0x00007ffae150b000 	C:\WINDOWS\system32\mswsock.dll
0x00007ffa84a20000 - 0x00007ffa84a36000 	C:\Program Files\Eclipse Adoptium\jdk-17.0.16.8-hotspot\bin\nio.dll
0x00007ffa80fa0000 - 0x00007ffa80fb8000 	C:\Program Files\Eclipse Adoptium\jdk-17.0.16.8-hotspot\bin\zip.dll
0x00007ffabe030000 - 0x00007ffabe03a000 	C:\Program Files\Eclipse Adoptium\jdk-17.0.16.8-hotspot\bin\management.dll
0x00007ffaba220000 - 0x00007ffaba22b000 	C:\Program Files\Eclipse Adoptium\jdk-17.0.16.8-hotspot\bin\management_ext.dll
0x00007ffae48c0000 - 0x00007ffae48c8000 	C:\WINDOWS\System32\PSAPI.DLL
0x00007ffac7890000 - 0x00007ffac78a8000 	C:\WINDOWS\system32\napinsp.dll
0x00007ffae09d0000 - 0x00007ffae0afc000 	C:\WINDOWS\SYSTEM32\DNSAPI.dll
0x00007ffae0940000 - 0x00007ffae0974000 	C:\WINDOWS\SYSTEM32\IPHLPAPI.DLL
0x00007ffae2e20000 - 0x00007ffae2e2a000 	C:\WINDOWS\System32\NSI.dll
0x00007ffac7330000 - 0x00007ffac7342000 	C:\WINDOWS\System32\winrnr.dll
0x00007ffac7300000 - 0x00007ffac7322000 	C:\WINDOWS\system32\nlansp_c.dll
0x00007ffac5b30000 - 0x00007ffac5b46000 	C:\WINDOWS\system32\wshbth.dll
0x00007ffadaa60000 - 0x00007ffadaa6b000 	C:\Windows\System32\rasadhlp.dll
0x00007ffadb790000 - 0x00007ffadb816000 	C:\WINDOWS\System32\fwpuclnt.dll
0x00007ffae1890000 - 0x00007ffae18ab000 	C:\WINDOWS\SYSTEM32\CRYPTSP.dll
0x00007ffae0ed0000 - 0x00007ffae0f0a000 	C:\WINDOWS\system32\rsaenh.dll
0x00007ffae1550000 - 0x00007ffae157b000 	C:\WINDOWS\SYSTEM32\USERENV.dll
0x00007ffae20c0000 - 0x00007ffae20ea000 	C:\WINDOWS\SYSTEM32\bcrypt.dll
0x00007ffae16f0000 - 0x00007ffae16fc000 	C:\WINDOWS\SYSTEM32\CRYPTBASE.dll
0x00007ffadc590000 - 0x00007ffadc5ae000 	C:\WINDOWS\SYSTEM32\dhcpcsvc6.DLL
0x00007ffadc230000 - 0x00007ffadc253000 	C:\WINDOWS\SYSTEM32\dhcpcsvc.DLL
0x00007ffab70e0000 - 0x00007ffab70e9000 	C:\Program Files\Eclipse Adoptium\jdk-17.0.16.8-hotspot\bin\extnet.dll
0x00007ffab5cb0000 - 0x00007ffab5cbe000 	C:\Program Files\Eclipse Adoptium\jdk-17.0.16.8-hotspot\bin\sunmscapi.dll
0x00007ffae2bf0000 - 0x00007ffae2d67000 	C:\WINDOWS\System32\CRYPT32.dll
0x00007ffae19e0000 - 0x00007ffae1a10000 	C:\WINDOWS\SYSTEM32\ncrypt.dll
0x00007ffae1990000 - 0x00007ffae19cf000 	C:\WINDOWS\SYSTEM32\NTASN1.dll
0x00007ffaba910000 - 0x00007ffaba918000 	C:\WINDOWS\system32\wshunix.dll

dbghelp: loaded successfully - version: 4.0.5 - missing functions: none
symbol engine: initialized successfully - sym options: 0x614 - pdb path: .;C:\Program Files\Eclipse Adoptium\jdk-17.0.16.8-hotspot\bin;C:\WINDOWS\SYSTEM32;C:\WINDOWS\WinSxS\amd64_microsoft.windows.common-controls_6595b64144ccf1df_6.0.26100.7019_none_3e06ffa0e335b8a8;C:\Program Files\Eclipse Adoptium\jdk-17.0.16.8-hotspot\bin\server

VM Arguments:
jvm_args: -Dcom.sun.management.jmxremote -Dcom.sun.management.jmxremote.port=56460 -Dcom.sun.management.jmxremote.authenticate=false -Dcom.sun.management.jmxremote.ssl=false -Dspring.jmx.enabled=true -Djava.rmi.server.hostname=localhost -Dspring.application.admin.enabled=true -Dspring.boot.project.name=banco-educativo-api -XX:+ShowCodeDetailsInExceptionMessages -Dmanagement.endpoints.jmx.exposure.include=* 
java_command: com.app.banco.banco_educativo_api.BancoEducativoApiApplication
java_class_path (initial): C:\Users\Yo\Desktop\sistema-bancario-educativo\banco-educativo-api\target\classes;C:\Users\Yo\.m2\repository\org\springframework\boot\spring-boot-starter-actuator\4.0.0\spring-boot-starter-actuator-4.0.0.jar;C:\Users\Yo\.m2\repository\org\springframework\boot\spring-boot-starter\4.0.0\spring-boot-starter-4.0.0.jar;C:\Users\Yo\.m2\repository\org\springframework\boot\spring-boot-starter-logging\4.0.0\spring-boot-starter-logging-4.0.0.jar;C:\Users\Yo\.m2\repository\ch\qos\logback\logback-classic\1.5.21\logback-classic-1.5.21.jar;C:\Users\Yo\.m2\repository\ch\qos\logback\logback-core\1.5.21\logback-core-1.5.21.jar;C:\Users\Yo\.m2\repository\org\apache\logging\log4j\log4j-to-slf4j\2.25.2\log4j-to-slf4j-2.25.2.jar;C:\Users\Yo\.m2\repository\org\apache\logging\log4j\log4j-api\2.25.2\log4j-api-2.25.2.jar;C:\Users\Yo\.m2\repository\org\slf4j\jul-to-slf4j\2.0.17\jul-to-slf4j-2.0.17.jar;C:\Users\Yo\.m2\repository\jakarta\annotation\jakarta.annotation-api\3.0.0\jakarta.annotation-api-3.0.0.jar;C:\Users\Yo\.m2\repository\org\yaml\snakeyaml\2.5\snakeyaml-2.5.jar;C:\Users\Yo\.m2\repository\org\springframework\boot\spring-boot-starter-micrometer-metrics\4.0.0\spring-boot-starter-micrometer-metrics-4.0.0.jar;C:\Users\Yo\.m2\repository\org\springframework\boot\spring-boot-micrometer-metrics\4.0.0\spring-boot-micrometer-metrics-4.0.0.jar;C:\Users\Yo\.m2\repository\org\springframework\boot\spring-boot-micrometer-observation\4.0.0\spring-boot-micrometer-observation-4.0.0.jar;C:\Users\Yo\.m2\repository\org\springframework\boot\spring-boot-actuator-autoconfigure\4.0.0\spring-boot-actuator-autoconfigure-4.0.0.jar;C:\Users\Yo\.m2\repository\org\springframework\boot\spring-boot-actuator\4.0.0\spring-boot-actuator-4.0.0.jar;C:\Users\Yo\.m2\repository\org\springframework\boot\spring-boot-health\4.0.0\spring-boot-health-4.0.0.jar;C:\Users\Yo\.m2\repository\io\micrometer\micrometer-observation\1.16.0\micrometer-observation-1.16.0.jar;C:\Users\Yo\.m2\repository\org\js
Launcher Type: SUN_STANDARD

[Global flags]
     intx CICompilerCount                          = 4                                         {product} {ergonomic}
     uint ConcGCThreads                            = 3                                         {product} {ergonomic}
     uint G1ConcRefinementThreads                  = 10                                        {product} {ergonomic}
   size_t G1HeapRegionSize                         = 1048576                                   {product} {ergonomic}
    uintx GCDrainStackTargetSize                   = 64                                        {product} {ergonomic}
   size_t InitialHeapSize                          = 132120576                                 {product} {ergonomic}
     bool ManagementServer                         = true                                      {product} {command line}
   size_t MarkStackSize                            = 4194304                                   {product} {ergonomic}
   size_t MaxHeapSize                              = 2113929216                                {product} {ergonomic}
   size_t MaxNewSize                               = 1267728384                                {product} {ergonomic}
   size_t MinHeapDeltaBytes                        = 1048576                                   {product} {ergonomic}
   size_t MinHeapSize                              = 8388608                                   {product} {ergonomic}
    uintx NonNMethodCodeHeapSize                   = 5839372                                {pd product} {ergonomic}
    uintx NonProfiledCodeHeapSize                  = 122909434                              {pd product} {ergonomic}
    uintx ProfiledCodeHeapSize                     = 122909434                              {pd product} {ergonomic}
    uintx ReservedCodeCacheSize                    = 251658240                              {pd product} {ergonomic}
     bool SegmentedCodeCache                       = true                                      {product} {ergonomic}
     bool ShowCodeDetailsInExceptionMessages       = true                                   {manageable} {command line}
   size_t SoftMaxHeapSize                          = 2113929216                             {manageable} {ergonomic}
     bool UseCompressedClassPointers               = true                           {product lp64_product} {ergonomic}
     bool UseCompressedOops                        = true                           {product lp64_product} {ergonomic}
     bool UseG1GC                                  = true                                      {product} {ergonomic}
     bool UseLargePagesIndividualAllocation        = false                                  {pd product} {ergonomic}

Logging:
Log output configuration:
 #0: stdout all=warning uptime,level,tags
 #1: stderr all=off uptime,level,tags

Environment Variables:
JAVA_HOME=C:\Program Files\Java\jdk-21
PATH=C:\Program Files (x86)\Common Files\Oracle\Java\java8path;C:\Program Files (x86)\Common Files\Oracle\Java\javapath;C:\apache-maven-3.9.11\bin;C:\Program Files (x86)\VMware\VMware Workstation\bin\;c:\Users\Yo\AppData\Local\Programs\cursor\resources\app\bin;C:\Users\Yo\AppData\Local\Programs\Python\Python313\python.exe;C:\Program Files\Google\Chrome\Application;C:\WINDOWS\system32;C:\WINDOWS;C:\WINDOWS\System32\Wbem;C:\WINDOWS\System32\WindowsPowerShell\v1.0\;C:\WINDOWS\System32\OpenSSH\;C:\Program Files\NVIDIA Corporation\NVIDIA app\NvDLISR;C:\Program Files (x86)\NVIDIA Corporation\PhysX\Common;C:\Program Files\nodejs\;C:\Program Files\dotnet\;C:\Program Files\MySQL\MySQL Shell 8.0\bin\;C:\Users\Yo\AppData\Local\Microsoft\WindowsApps;C:\Users\Yo\AppData\Roaming\npm;C:\Program Files\JetBrains\JetBrains Rider 2024.3.5\bin;C:\Users\Yo\.dotnet\tools;C:\WINDOWS\system32;C:\WINDOWS;C:\WINDOWS\System32\Wbem;C:\WINDOWS\System32\WindowsPowerShell\v1.0\;C:\WINDOWS\System32\OpenSSH\;C:\Program Files\Docker\Docker\resources\bin;C:\Program Files\Git\cmd;C:\Program Files\Java\jdk-21\bin;C:\Users\Yo\AppData\Local\Programs\Python\Python313\Scripts\;C:\Users\Yo\AppData\Local\Programs\Python\Python313\;C:\Program Files\MySQL\MySQL Shell 8.0\bin\;C:\Users\Yo\AppData\Local\Microsoft\WindowsApps;C:\Users\Yo\AppData\Roaming\npm;C:\Program Files\JetBrains\JetBrains Rider 2024.3.5\bin;;C:\Users\Yo\AppData\Local\Programs\Microsoft VS Code\bin;C:\Users\Yo\.dotnet\tools;C:\Users\Yo\AppData\Local\Programs\Antigravity\bin;c:\Users\Yo\.antigravity\extensions\vscjava.vscode-java-debug-0.58.3-universal\bundled\scripts\noConfigScripts
USERNAME=Yo
LANG=en_US.UTF-8
OS=Windows_NT
PROCESSOR_IDENTIFIER=AMD64 Family 25 Model 80 Stepping 0, AuthenticAMD
TMP=C:\Users\Yo\AppData\Local\Temp
TEMP=C:\Users\Yo\AppData\Local\Temp



Periodic native trim disabled


---------------  S Y S T E M  ---------------

OS:
 Windows 11 , 64 bit Build 26100 (10.0.26100.7019)
OS uptime: 5 days 15:34 hours
Hyper-V role detected

CPU: total 12 (initial active 12) (12 cores per cpu, 2 threads per core) family 25 model 80 stepping 0 microcode 0xa50000f, cx8, cmov, fxsr, ht, mmx, 3dnowpref, sse, sse2, sse3, ssse3, sse4a, sse4.1, sse4.2, popcnt, lzcnt, tsc, tscinvbit, avx, avx2, aes, erms, clmul, bmi1, bmi2, adx, sha, fma, vzeroupper, clflush, clflushopt, hv
Processor Information for all 12 processors :
  Max Mhz: 3600, Current Mhz: 3600, Mhz Limit: 3600

Memory: 4k page, system-wide physical 8059M (1143M free)
TotalPageFile size 25308M (AvailPageFile size 127M)
current process WorkingSet (physical memory assigned to process): 88M, peak: 352M
current process commit charge ("private bytes"): 338M, peak: 393M

vm_info: OpenJDK 64-Bit Server VM (17.0.16+8) for windows-amd64 JRE (17.0.16+8), built on Jul 16 2025 10:37:56 by "admin" with MS VC++ 17.7 (VS2022)

END.
